e:\tfs\branches\mkontak\utilities\src\general\viatronix.utilities.generatemanifest.base\obj\x64\debug\vxmanifestlib.pch
e:\tfs\branches\mkontak\utilities\src\general\viatronix.utilities.generatemanifest.base\obj\x64\debug\vc120.pdb
e:\tfs\branches\mkontak\utilities\src\general\viatronix.utilities.generatemanifest.base\obj\x64\debug\stdafx.obj
e:\tfs\branches\mkontak\utilities\src\general\viatronix.utilities.generatemanifest.base\obj\x64\debug\importedlibraries.obj
e:\tfs\branches\mkontak\utilities\src\general\viatronix.utilities.generatemanifest.base\obj\x64\debug\versioninfo.obj
e:\tfs\branches\mkontak\utilities\src\general\viatronix.utilities.generatemanifest.base\obj\x64\debug\assemblyinfo.obj
e:\tfs\branches\mkontak\utilities\src\general\viatronix.utilities.generatemanifest.base\obj\x64\debug\.netframework,version=v4.5.assemblyattributes.obj
e:\tfs\branches\mkontak\utilities\src\general\viatronix.utilities.generatemanifest.base\bin\x64\debug\vxmanifestlib.dll
e:\tfs\branches\mkontak\utilities\src\general\viatronix.utilities.generatemanifest.base\bin\x64\debug\vxmanifestlib.pdb
e:\tfs\branches\mkontak\utilities\src\general\viatronix.utilities.generatemanifest.base\obj\x64\debug\app.res
d:\source\viatronix\viatronix\utilities\src\general\viatronix.utilities.generatemanifest.base\obj\x64\debug\viatronix.utilities.generatemanifest.base.vcxproj.assemblyreference.cache
d:\source\viatronix\viatronix\utilities\src\general\viatronix.utilities.generatemanifest.base\obj\x64\debug\.netframework,version=v4.5.assemblyattributes.obj
d:\source\viatronix\viatronix\utilities\src\general\viatronix.utilities.generatemanifest.base\obj\x64\debug\assemblyinfo.obj
d:\source\viatronix\viatronix\utilities\src\general\viatronix.utilities.generatemanifest.base\obj\x64\debug\importedlibraries.obj
d:\source\viatronix\viatronix\utilities\src\general\viatronix.utilities.generatemanifest.base\obj\x64\debug\stdafx.obj
d:\source\viatronix\viatronix\utilities\src\general\viatronix.utilities.generatemanifest.base\obj\x64\debug\versioninfo.obj
d:\source\viatronix\viatronix\utilities\src\general\viatronix.utilities.generatemanifest.base\obj\x64\debug\app.res
d:\source\viatronix\viatronix\utilities\src\general\viatronix.utilities.generatemanifest.base\obj\x64\debug\vxmanifestlib.pch
d:\source\viatronix\viatronix\utilities\src\general\viatronix.utilities.generatemanifest.base\obj\x64\debug\vc120.pdb
d:\source\viatronix\viatronix\utilities\src\general\viatronix.utilities.generatemanifest.base\bin\x64\debug\vxmanifestlib.dll
d:\source\viatronix\viatronix\utilities\src\general\viatronix.utilities.generatemanifest.base\obj\x64\debug\viatroni.70170e32.tlog\cl.command.1.tlog
d:\source\viatronix\viatronix\utilities\src\general\viatronix.utilities.generatemanifest.base\obj\x64\debug\viatroni.70170e32.tlog\cl.read.1.tlog
d:\source\viatronix\viatronix\utilities\src\general\viatronix.utilities.generatemanifest.base\obj\x64\debug\viatroni.70170e32.tlog\cl.write.1.tlog
d:\source\viatronix\viatronix\utilities\src\general\viatronix.utilities.generatemanifest.base\obj\x64\debug\viatroni.70170e32.tlog\link.command.1.tlog
d:\source\viatronix\viatronix\utilities\src\general\viatronix.utilities.generatemanifest.base\obj\x64\debug\viatroni.70170e32.tlog\link.read.1.tlog
d:\source\viatronix\viatronix\utilities\src\general\viatronix.utilities.generatemanifest.base\obj\x64\debug\viatroni.70170e32.tlog\link.write.1.tlog
d:\source\viatronix\viatronix\utilities\src\general\viatronix.utilities.generatemanifest.base\obj\x64\debug\viatroni.70170e32.tlog\metagen.read.1.tlog
d:\source\viatronix\viatronix\utilities\src\general\viatronix.utilities.generatemanifest.base\obj\x64\debug\viatroni.70170e32.tlog\metagen.write.1.tlog
d:\source\viatronix\viatronix\utilities\src\general\viatronix.utilities.generatemanifest.base\obj\x64\debug\viatroni.70170e32.tlog\rc.command.1.tlog
d:\source\viatronix\viatronix\utilities\src\general\viatronix.utilities.generatemanifest.base\obj\x64\debug\viatroni.70170e32.tlog\rc.read.1.tlog
d:\source\viatronix\viatronix\utilities\src\general\viatronix.utilities.generatemanifest.base\obj\x64\debug\viatroni.70170e32.tlog\rc.write.1.tlog
d:\source\viatronix\viatronix\utilities\src\general\viatronix.utilities.generatemanifest.base\obj\x64\debug\viatroni.70170e32.tlog\tzres.dll.bi
