e:\tfs\branches\mkontak\utilities\src\launching\remotelauncher\x64\debug\remotelauncher.pch
e:\tfs\branches\mkontak\utilities\src\launching\remotelauncher\x64\debug\vc120.pdb
e:\tfs\branches\mkontak\utilities\src\launching\remotelauncher\x64\debug\vc120.idb
e:\tfs\branches\mkontak\utilities\src\launching\remotelauncher\x64\debug\stdafx.obj
e:\tfs\branches\mkontak\utilities\src\launching\remotelauncher\x64\debug\commandlineinfo.obj
e:\tfs\branches\mkontak\utilities\src\launching\remotelauncher\x64\debug\importedlibraries.obj
e:\tfs\branches\mkontak\utilities\src\launching\remotelauncher\x64\debug\launcher.obj
e:\tfs\branches\mkontak\utilities\src\launching\remotelauncher\x64\debug\launchrequest.obj
e:\tfs\branches\mkontak\utilities\src\launching\remotelauncher\x64\debug\remotelauncher.obj
e:\tfs\branches\mkontak\utilities\src\launching\remotelauncher\x64\debug\remotelauncherdlg.obj
e:\tfs\branches\mkontak\viatronix\utilities\launching\remotelauncher.ilk
e:\tfs\branches\mkontak\viatronix\utilities\launching\remotelauncher.exe
e:\tfs\branches\mkontak\viatronix\utilities\launching\remotelauncher.pdb
e:\tfs\branches\mkontak\utilities\src\launching\remotelauncher\x64\debug\remotelauncher.res
d:\source\viatronix\viatronix\utilities\src\launching\remotelauncher\x64\debug\commandlineinfo.obj
d:\source\viatronix\viatronix\utilities\src\launching\remotelauncher\x64\debug\importedlibraries.obj
d:\source\viatronix\viatronix\utilities\src\launching\remotelauncher\x64\debug\launcher.obj
d:\source\viatronix\viatronix\utilities\src\launching\remotelauncher\x64\debug\launchrequest.obj
d:\source\viatronix\viatronix\utilities\src\launching\remotelauncher\x64\debug\remotelauncher.obj
d:\source\viatronix\viatronix\utilities\src\launching\remotelauncher\x64\debug\remotelauncherdlg.obj
d:\source\viatronix\viatronix\utilities\src\launching\remotelauncher\x64\debug\stdafx.obj
d:\source\viatronix\viatronix\utilities\src\launching\remotelauncher\x64\debug\remotelauncher.res
d:\source\viatronix\viatronix\utilities\src\launching\remotelauncher\x64\debug\remotelauncher.pch
d:\source\viatronix\viatronix\utilities\src\launching\remotelauncher\x64\debug\vc120.idb
d:\source\viatronix\viatronix\utilities\src\launching\remotelauncher\x64\debug\vc120.pdb
d:\source\viatronix\viatronix\viatronix\utilities\launching\remotelauncher.exe
d:\source\viatronix\viatronix\utilities\src\launching\remotelauncher\x64\debug\remotelauncher.tlog\cl.command.1.tlog
d:\source\viatronix\viatronix\utilities\src\launching\remotelauncher\x64\debug\remotelauncher.tlog\cl.read.1.tlog
d:\source\viatronix\viatronix\utilities\src\launching\remotelauncher\x64\debug\remotelauncher.tlog\cl.write.1.tlog
d:\source\viatronix\viatronix\utilities\src\launching\remotelauncher\x64\debug\remotelauncher.tlog\link.command.1.tlog
d:\source\viatronix\viatronix\utilities\src\launching\remotelauncher\x64\debug\remotelauncher.tlog\link.read.1.tlog
d:\source\viatronix\viatronix\utilities\src\launching\remotelauncher\x64\debug\remotelauncher.tlog\link.write.1.tlog
d:\source\viatronix\viatronix\utilities\src\launching\remotelauncher\x64\debug\remotelauncher.tlog\rc.command.1.tlog
d:\source\viatronix\viatronix\utilities\src\launching\remotelauncher\x64\debug\remotelauncher.tlog\rc.read.1.tlog
d:\source\viatronix\viatronix\utilities\src\launching\remotelauncher\x64\debug\remotelauncher.tlog\rc.write.1.tlog
